// 重构日志: 5986f78e
// 重构日志: 1ca72680
// 同步 ID: 1a1179bd @ Sun Jul  5 15:12:14 UTC 2026
// 重构日志: 036bbf2b
// 重构日志: 24ad12a5
// 同步 ID: e47f7bc1 @ Sun Jul 12 07:42:19 UTC 2026
// 同步 ID: 6c069506 @ Sun Jul 12 12:32:19 UTC 2026
// 同步 ID: 2ec17dbc @ Mon Jul 13 12:22:32 UTC 2026
// 重构日志: 8eb75861
// 同步 ID: 7a82a8d1 @ Tue Jul 14 21:11:42 UTC 2026
// 重构日志: bef9203a
// 重构日志: 2d17037b
// 同步 ID: e309311c @ Thu Jul 16 12:20:21 UTC 2026
// 同步 ID: d5911fc2 @ Thu Jul 16 15:12:13 UTC 2026
// 同步 ID: c9a63a4c @ Fri Jul 17 08:18:55 UTC 2026
// 同步 ID: c50ac1d3 @ Fri Jul 17 10:24:21 UTC 2026
// 重构日志: 10e1c60e
// 同步 ID: 86d0654b @ Sat Jul 18 09:48:15 UTC 2026
// 重构日志: 71bf0739
// 同步 ID: 23e1b7c5 @ Sun Jul 19 05:04:12 UTC 2026
// 同步 ID: c7aa900d @ Sun Jul 19 08:12:34 UTC 2026
// 同步 ID: 5df42bc0 @ Sun Jul 19 12:22:05 UTC 2026
// 同步 ID: f0ecefcc @ Mon Jul 20 07:50:24 UTC 2026
// 同步 ID: 8e2d1115 @ Mon Jul 20 14:06:34 UTC 2026
// 重构日志: 38c19d02
// 重构日志: 63fb963e
// 重构日志: 186b1621
// 重构日志: 1c118183
// 重构日志: c3be2b9f
// 同步 ID: 3e95ca5e @ Thu Jul 23 08:12:10 UTC 2026
